  % Total    % Received % Xferd  Average Speed   Time    Time     Time  Current
                                 Dload  Upload   Total   Spent    Left  Speed
  0     0    0     0    0     0      0      0 --:--:-- --:--:-- --:--:--     0*   Trying 3.142.99.80:80...
* Connected to ec2-3-142-99-80.us-east-2.compute.amazonaws.com (3.142.99.80) port 80 (#0)
> GET / HTTP/1.1
> Host: ec2-3-142-99-80.us-east-2.compute.amazonaws.com
> User-Agent: curl/7.84.0
> Accept: */*
> Cookie: login=eyJ1c2VyIjoiYXdkZW9yaW8ifQ.Y_J5yQ.kLB68cda-KWdFnu3twyo2t-pzuw
> 
* Mark bundle as not supporting multiuse
< HTTP/1.1 200 OK
< Server: nginx/1.18.0 (Ubuntu)
< Date: Sun, 19 Feb 2023 19:34:46 GMT
< Content-Type: text/html; charset=utf-8
< Content-Length: 700
< Connection: keep-alive
< Vary: Cookie
< 
{ [700 bytes data]
100   700  100   700    0     0   7811      0 --:--:-- --:--:-- --:--:--  8333
* Connection #0 to host ec2-3-142-99-80.us-east-2.compute.amazonaws.com left intact
